<?xml version="1.0" encoding="UTF-8"?>
<!-- Generated by org.testng.reporters.JUnitReportReporter -->
<testsuite hostname="quanlds-Mac-mini.local" failures="0" tests="1" name="Cucumber.AutomationTest082019.AppTest" time="0.004" errors="0" timestamp="24 Oct 2019 10:00:18 GMT" skipped="0">
  <testcase classname="Cucumber.AutomationTest082019.AppTest" name="testApp" time="0.004"/>
</testsuite> <!-- Cucumber.AutomationTest082019.AppTest -->
